# JRE version: Java(TM) SE Runtime Environment (7.0_79-b15) (build 1.7.0_79-b15)
# Java VM: Java HotSpot(TM) 64-Bit Server VM (24.79-b02 mixed mode windows-amd64 compressed oops)
Heap
 PSYoungGen      total 684032K, used 14279K [0x00000007d5f00000, 0x0000000800000000, 0x0000000800000000)
  eden space 679424K, 2% used [0x00000007d5f00000,0x00000007d6cf1e28,0x00000007ff680000)
  from space 4608K, 0% used [0x00000007ff680000,0x00000007ff680000,0x00000007ffb00000)
  to   space 4608K, 0% used [0x00000007ffb80000,0x00000007ffb80000,0x0000000800000000)
 ParOldGen       total 1377280K, used 34262K [0x0000000781e00000, 0x00000007d5f00000, 0x00000007d5f00000)
  object space 1377280K, 2% used [0x0000000781e00000,0x0000000783f75868,0x00000007d5f00000)
 PSPermGen       total 83968K, used 83967K [0x000000077cc00000, 0x0000000781e00000, 0x0000000781e00000)
  object space 83968K, 99% used [0x000000077cc00000,0x0000000781dffea8,0x0000000781e00000)
GC Heap History (10 events):
Event: 1307.937 GC heap before
{Heap before GC invocations=977 (full 476):
 PSYoungGen      total 684032K, used 0K [0x00000007d5f00000, 0x0000000800000000, 0x0000000800000000)
  eden space 678912K, 0% used [0x00000007d5f00000,0x00000007d5f00000,0x00000007ff600000)
  from space 5120K, 0% used [0x00000007ff600000,0x00000007ff600000,0x00000007ffb00000)
  to   space 4608K, 0% used [0x00000007ffb80000,0x00000007ffb80000,0x0000000800000000)
 ParOldGen       total 1377280K, used 34799K [0x0000000781e00000, 0x00000007d5f00000, 0x00000007d5f00000)
  object space 1377280K, 2% used [0x0000000781e00000,0x0000000783ffbf10,0x00000007d5f00000)
 PSPermGen       total 83968K, used 83967K [0x000000077cc00000, 0x0000000781e00000, 0x0000000781e00000)
  object space 83968K, 99% used [0x000000077cc00000,0x0000000781dffdc8,0x0000000781e00000)
Event: 1308.129 GC heap after
Heap after GC invocations=977 (full 476):
 PSYoungGen      total 684032K, used 0K [0x00000007d5f00000, 0x0000000800000000, 0x0000000800000000)
  eden space 678912K, 0% used [0x00000007d5f00000,0x00000007d5f00000,0x00000007ff600000)
  from space 5120K, 0% used [0x00000007ff600000,0x00000007ff600000,0x00000007ffb00000)
  to   space 4608K, 0% used [0x00000007ffb80000,0x00000007ffb80000,0x0000000800000000)
 ParOldGen       total 1377280K, used 34626K [0x0000000781e00000, 0x00000007d5f00000, 0x00000007d5f00000)
  object space 1377280K, 2% used [0x0000000781e00000,0x0000000783fd0bf0,0x00000007d5f00000)
 PSPermGen       total 83968K, used 83959K [0x000000077cc00000, 0x0000000781e00000, 0x0000000781e00000)
  object space 83968K, 99% used [0x000000077cc00000,0x0000000781dfdeb8,0x0000000781e00000)
}
Event: 1308.130 GC heap before
{Heap before GC invocations=978 (full 476):
 PSYoungGen      total 684032K, used 17914K [0x00000007d5f00000, 0x0000000800000000, 0x0000000800000000)
  eden space 678912K, 2% used [0x00000007d5f00000,0x00000007d707e828,0x00000007ff600000)
  from space 5120K, 0% used [0x00000007ff600000,0x00000007ff600000,0x00000007ffb00000)
  to   space 4608K, 0% used [0x00000007ffb80000,0x00000007ffb80000,0x0000000800000000)
 ParOldGen       total 1377280K, used 34626K [0x0000000781e00000, 0x00000007d5f00000, 0x00000007d5f00000)
  object space 1377280K, 2% used [0x0000000781e00000,0x0000000783fd0bf0,0x00000007d5f00000)
 PSPermGen       total 83968K, used 83966K [0x000000077cc00000, 0x0000000781e00000, 0x0000000781e00000)
  object space 83968K, 99% used [0x000000077cc00000,0x0000000781dffaa8,0x0000000781e00000)
Event: 1308.132 GC heap after
Heap after GC invocations=978 (full 476):
 PSYoungGen      total 683520K, used 64K [0x00000007d5f00000, 0x00000007fff80000, 0x0000000800000000)
  eden space 679424K, 0% used [0x00000007d5f00000,0x00000007d5f00000,0x00000007ff680000)
  from space 4096K, 1% used [0x00000007ffb80000,0x00000007ffb90000,0x00000007fff80000)
  to   space 4608K, 0% used [0x00000007ff680000,0x00000007ff680000,0x00000007ffb00000)
 ParOldGen       total 1377280K, used 34626K [0x0000000781e00000, 0x00000007d5f00000, 0x00000007d5f00000)
  object space 1377280K, 2% used [0x0000000781e00000,0x0000000783fd0bf0,0x00000007d5f00000)
 PSPermGen       total 83968K, used 83966K [0x000000077cc00000, 0x0000000781e00000, 0x0000000781e00000)
  object space 83968K, 99% used [0x000000077cc00000,0x0000000781dffaa8,0x0000000781e00000)
}
Event: 1308.132 GC heap before
{Heap before GC invocations=979 (full 477):
 PSYoungGen      total 683520K, used 64K [0x00000007d5f00000, 0x00000007fff80000, 0x0000000800000000)
  eden space 679424K, 0% used [0x00000007d5f00000,0x00000007d5f00000,0x00000007ff680000)
  from space 4096K, 1% used [0x00000007ffb80000,0x00000007ffb90000,0x00000007fff80000)
  to   space 4608K, 0% used [0x00000007ff680000,0x00000007ff680000,0x00000007ffb00000)
 ParOldGen       total 1377280K, used 34626K [0x0000000781e00000, 0x00000007d5f00000, 0x00000007d5f00000)
  object space 1377280K, 2% used [0x0000000781e00000,0x0000000783fd0bf0,0x00000007d5f00000)
 PSPermGen       total 83968K, used 83966K [0x000000077cc00000, 0x0000000781e00000, 0x0000000781e00000)
  object space 83968K, 99% used [0x000000077cc00000,0x0000000781dffaa8,0x0000000781e00000)
Event: 1308.229 GC heap after
Heap after GC invocations=979 (full 477):
 PSYoungGen      total 683520K, used 0K [0x00000007d5f00000, 0x00000007fff80000, 0x0000000800000000)
  eden space 679424K, 0% used [0x00000007d5f00000,0x00000007d5f00000,0x00000007ff680000)
  from space 4096K, 0% used [0x00000007ffb80000,0x00000007ffb80000,0x00000007fff80000)
  to   space 4608K, 0% used [0x00000007ff680000,0x00000007ff680000,0x00000007ffb00000)
 ParOldGen       total 1377280K, used 34263K [0x0000000781e00000, 0x00000007d5f00000, 0x00000007d5f00000)
  object space 1377280K, 2% used [0x0000000781e00000,0x0000000783f75c90,0x00000007d5f00000)
 PSPermGen       total 83968K, used 83966K [0x000000077cc00000, 0x0000000781e00000, 0x0000000781e00000)
  object space 83968K, 99% used [0x000000077cc00000,0x0000000781dffaa8,0x0000000781e00000)
}
Event: 1308.229 GC heap before
{Heap before GC invocations=980 (full 477):
 PSYoungGen      total 683520K, used 0K [0x00000007d5f00000, 0x00000007fff80000, 0x0000000800000000)
  eden space 679424K, 0% used [0x00000007d5f00000,0x00000007d5f00000,0x00000007ff680000)
  from space 4096K, 0% used [0x00000007ffb80000,0x00000007ffb80000,0x00000007fff80000)
  to   space 4608K, 0% used [0x00000007ff680000,0x00000007ff680000,0x00000007ffb00000)
 ParOldGen       total 1377280K, used 34263K [0x0000000781e00000, 0x00000007d5f00000, 0x00000007d5f00000)
  object space 1377280K, 2% used [0x0000000781e00000,0x0000000783f75c90,0x00000007d5f00000)
 PSPermGen       total 83968K, used 83966K [0x000000077cc00000, 0x0000000781e00000, 0x0000000781e00000)
  object space 83968K, 99% used [0x000000077cc00000,0x0000000781dffaa8,0x0000000781e00000)
Event: 1308.231 GC heap after
Heap after GC invocations=980 (full 477):
 PSYoungGen      total 684032K, used 0K [0x00000007d5f00000, 0x0000000800000000, 0x0000000800000000)
  eden space 679424K, 0% used [0x00000007d5f00000,0x00000007d5f00000,0x00000007ff680000)
  from space 4608K, 0% used [0x00000007ff680000,0x00000007ff680000,0x00000007ffb00000)
  to   space 4608K, 0% used [0x00000007ffb80000,0x00000007ffb80000,0x0000000800000000)
 ParOldGen       total 1377280K, used 34263K [0x0000000781e00000, 0x00000007d5f00000, 0x00000007d5f00000)
  object space 1377280K, 2% used [0x0000000781e00000,0x0000000783f75c90,0x00000007d5f00000)
 PSPermGen       total 83968K, used 83966K [0x000000077cc00000, 0x0000000781e00000, 0x0000000781e00000)
  object space 83968K, 99% used [0x000000077cc00000,0x0000000781dffaa8,0x0000000781e00000)
}
Event: 1308.231 GC heap before
{Heap before GC invocations=981 (full 478):
 PSYoungGen      total 684032K, used 0K [0x00000007d5f00000, 0x0000000800000000, 0x0000000800000000)
  eden space 679424K, 0% used [0x00000007d5f00000,0x00000007d5f00000,0x00000007ff680000)
  from space 4608K, 0% used [0x00000007ff680000,0x00000007ff680000,0x00000007ffb00000)
  to   space 4608K, 0% used [0x00000007ffb80000,0x00000007ffb80000,0x0000000800000000)
 ParOldGen       total 1377280K, used 34263K [0x0000000781e00000, 0x00000007d5f00000, 0x00000007d5f00000)
  object space 1377280K, 2% used [0x0000000781e00000,0x0000000783f75c90,0x00000007d5f00000)
 PSPermGen       total 83968K, used 83966K [0x000000077cc00000, 0x0000000781e00000, 0x0000000781e00000)
  object space 83968K, 99% used [0x000000077cc00000,0x0000000781dffaa8,0x0000000781e00000)
Event: 1308.325 GC heap after
Heap after GC invocations=981 (full 478):
 PSYoungGen      total 684032K, used 0K [0x00000007d5f00000, 0x0000000800000000, 0x0000000800000000)
  eden space 679424K, 0% used [0x00000007d5f00000,0x00000007d5f00000,0x00000007ff680000)
  from space 4608K, 0% used [0x00000007ff680000,0x00000007ff680000,0x00000007ffb00000)
  to   space 4608K, 0% used [0x00000007ffb80000,0x00000007ffb80000,0x0000000800000000)
 ParOldGen       total 1377280K, used 34262K [0x0000000781e00000, 0x00000007d5f00000, 0x00000007d5f00000)
  object space 1377280K, 2% used [0x0000000781e00000,0x0000000783f75868,0x00000007d5f00000)
 PSPermGen       total 83968K, used 83966K [0x000000077cc00000, 0x0000000781e00000, 0x0000000781e00000)
  object space 83968K, 99% used [0x000000077cc00000,0x0000000781dffaa8,0x0000000781e00000)
}

